Using pre-set license
Built from '2021.3/staging' branch; Version is '2021.3.9f1 (ad3870b89536) revision 11352176'; Using compiler version '192829333'; Build Type 'Release'
OS: 'Windows 10  (10.0.19045) 64bit Core' Language: 'en' Physical Memory: 16085 MB
BatchMode: 1, IsHumanControllingUs: 0, StartBugReporterOnCrash: 0, Is64bit: 1, IsPro: 1

COMMAND LINE ARGUMENTS:
C:\Users\victo\OneDrive\Desktop\School Items\2021.3.9f1\Editor\Unity.exe
-adb2
-batchMode
-noUpm
-name
AssetImportWorker3
-projectPath
C:/Users/victo/OneDrive/Desktop/School Items/Winter 2024/Intermidiate CG/TutTask/VictorsIntermidiateCGTutorial/Tut/IntermidiateCGTut
-logFile
Logs/AssetImportWorker3.log
-srvPort
54747
Successfully changed project path to: C:/Users/victo/OneDrive/Desktop/School Items/Winter 2024/Intermidiate CG/TutTask/VictorsIntermidiateCGTutorial/Tut/IntermidiateCGTut
C:/Users/victo/OneDrive/Desktop/School Items/Winter 2024/Intermidiate CG/TutTask/VictorsIntermidiateCGTutorial/Tut/IntermidiateCGTut
[UnityMemory] Configuration Parameters - Can be set up in boot.config
    "memorysetup-bucket-allocator-granularity=16"
    "memorysetup-bucket-allocator-bucket-count=8"
    "memorysetup-bucket-allocator-block-size=33554432"
    "memorysetup-bucket-allocator-block-count=8"
    "memorysetup-main-allocator-block-size=16777216"
    "memorysetup-thread-allocator-block-size=16777216"
    "memorysetup-gfx-main-allocator-block-size=16777216"
    "memorysetup-gfx-thread-allocator-block-size=16777216"
    "memorysetup-cache-allocator-block-size=4194304"
    "memorysetup-typetree-allocator-block-size=2097152"
    "memorysetup-profiler-bucket-allocator-granularity=16"
    "memorysetup-profiler-bucket-allocator-bucket-count=8"
    "memorysetup-profiler-bucket-allocator-block-size=33554432"
    "memorysetup-profiler-bucket-allocator-block-count=8"
    "memorysetup-profiler-allocator-block-size=16777216"
    "memorysetup-profiler-editor-allocator-block-size=1048576"
    "memorysetup-temp-allocator-size-main=16777216"
    "memorysetup-job-temp-allocator-block-size=2097152"
    "memorysetup-job-temp-allocator-block-size-background=1048576"
    "memorysetup-job-temp-allocator-reduction-small-platforms=262144"
    "memorysetup-temp-allocator-size-background-worker=32768"
    "memorysetup-temp-allocator-size-job-worker=262144"
    "memorysetup-temp-allocator-size-preload-manager=33554432"
    "memorysetup-temp-allocator-size-nav-mesh-worker=65536"
    "memorysetup-temp-allocator-size-audio-worker=65536"
    "memorysetup-temp-allocator-size-cloud-worker=32768"
    "memorysetup-temp-allocator-size-gi-baking-worker=262144"
    "memorysetup-temp-allocator-size-gfx=262144"
Refreshing native plugins compatible for Editor in 127.63 ms, found 3 plugins.
Preloading 0 native plugins for Editor in 0.00 ms.
Initialize engine version: 2021.3.9f1 (ad3870b89536)
[Subsystems] Discovering subsystems at path C:/Users/victo/OneDrive/Desktop/School Items/2021.3.9f1/Editor/Data/Resources/UnitySubsystems
[Subsystems] Discovering subsystems at path C:/Users/victo/OneDrive/Desktop/School Items/Winter 2024/Intermidiate CG/TutTask/VictorsIntermidiateCGTutorial/Tut/IntermidiateCGTut/Assets
GfxDevice: creating device client; threaded=0; jobified=0
Direct3D:
    Version:  Direct3D 11.0 [level 11.1]
    Renderer: NVIDIA GeForce RTX 3060 Laptop GPU (ID=0x2520)
    Vendor:   NVIDIA
    VRAM:     6010 MB
    Driver:   31.0.15.4601
Initialize mono
Mono path[0] = 'C:/Users/victo/OneDrive/Desktop/School Items/2021.3.9f1/Editor/Data/Managed'
Mono path[1] = 'C:/Users/victo/OneDrive/Desktop/School Items/2021.3.9f1/Editor/Data/MonoBleedingEdge/lib/mono/unityjit-win32'
Mono config path = 'C:/Users/victo/OneDrive/Desktop/School Items/2021.3.9f1/Editor/Data/MonoBleedingEdge/etc'
Using monoOptions --debugger-agent=transport=dt_socket,embedding=1,server=y,suspend=n,address=127.0.0.1:56804
Begin MonoManager ReloadAssembly
Registering precompiled unity dll's ...
Register platform support module: C:/Users/victo/OneDrive/Desktop/School Items/2021.3.9f1/Editor/Data/PlaybackEngines/WebGLSupport/UnityEditor.WebGL.Extensions.dll
Register platform support module: C:/Users/victo/OneDrive/Desktop/School Items/2021.3.9f1/Editor/Data/PlaybackEngines/WindowsStandaloneSupport/UnityEditor.WindowsStandalone.Extensions.dll
Registered in 0.009613 seconds.
Native extension for WindowsStandalone target not found
Native extension for WebGL target not found
Refreshing native plugins compatible for Editor in 109.68 ms, found 3 plugins.
Preloading 0 native plugins for Editor in 0.00 ms.
Mono: successfully reloaded assembly
- Completed reload, in  0.711 seconds
Domain Reload Profiling:
	ReloadAssembly (712ms)
		BeginReloadAssembly (66ms)
			ExecutionOrderSort (0ms)
			DisableScriptedObjects (0ms)
			BackupInstance (0ms)
			ReleaseScriptingObjects (0ms)
			CreateAndSetChildDomain (1ms)
		EndReloadAssembly (540ms)
			LoadAssemblies (64ms)
			RebuildTransferFunctionScriptingTraits (0ms)
			SetupTypeCache (115ms)
			ReleaseScriptCaches (0ms)
			RebuildScriptCaches (29ms)
			SetupLoadedEditorAssemblies (339ms)
				LogAssemblyErrors (0ms)
				InitializePlatformSupportModulesInManaged (11ms)
				SetLoadedEditorAssemblies (0ms)
				RefreshPlugins (110ms)
				BeforeProcessingInitializeOnLoad (1ms)
				ProcessInitializeOnLoadAttributes (159ms)
				ProcessInitializeOnLoadMethodAttributes (58ms)
				AfterProcessingInitializeOnLoad (0ms)
				EditorAssembliesLoaded (0ms)
			ExecutionOrderSort2 (0ms)
			AwakeInstancesAfterBackupRestoration (0ms)
Platform modules already initialized, skipping
Registering precompiled user dll's ...
Registered in 0.014877 seconds.
Begin MonoManager ReloadAssembly
Symbol file LoadedFromMemory doesn't match image C:\Users\victo\OneDrive\Desktop\School Items\Winter 2024\Intermidiate CG\TutTask\VictorsIntermidiateCGTutorial\Tut\IntermidiateCGTut\Library\PackageCache\com.unity.visualscripting@1.7.8\Editor\VisualScripting.Core\Dependencies\YamlDotNet\Unity.VisualScripting.YamlDotNet.dll
Symbol file LoadedFromMemory doesn't match image C:\Users\victo\OneDrive\Desktop\School Items\Winter 2024\Intermidiate CG\TutTask\VictorsIntermidiateCGTutorial\Tut\IntermidiateCGTut\Library\PackageCache\com.unity.visualscripting@1.7.8\Editor\VisualScripting.Core\Dependencies\DotNetZip\Unity.VisualScripting.IonicZip.dll
Native extension for WindowsStandalone target not found
Native extension for WebGL target not found
Refreshing native plugins compatible for Editor in 114.55 ms, found 3 plugins.
Preloading 0 native plugins for Editor in 0.00 ms.
Mono: successfully reloaded assembly
- Completed reload, in  7.949 seconds
Domain Reload Profiling:
	ReloadAssembly (7950ms)
		BeginReloadAssembly (127ms)
			ExecutionOrderSort (0ms)
			DisableScriptedObjects (6ms)
			BackupInstance (0ms)
			ReleaseScriptingObjects (0ms)
			CreateAndSetChildDomain (23ms)
		EndReloadAssembly (7601ms)
			LoadAssemblies (4757ms)
			RebuildTransferFunctionScriptingTraits (0ms)
			SetupTypeCache (910ms)
			ReleaseScriptCaches (1ms)
			RebuildScriptCaches (70ms)
			SetupLoadedEditorAssemblies (1812ms)
				LogAssemblyErrors (0ms)
				InitializePlatformSupportModulesInManaged (8ms)
				SetLoadedEditorAssemblies (0ms)
				RefreshPlugins (115ms)
				BeforeProcessingInitializeOnLoad (114ms)
				ProcessInitializeOnLoadAttributes (361ms)
				ProcessInitializeOnLoadMethodAttributes (1200ms)
				AfterProcessingInitializeOnLoad (14ms)
				EditorAssembliesLoaded (0ms)
			ExecutionOrderSort2 (0ms)
			AwakeInstancesAfterBackupRestoration (6ms)
Platform modules already initialized, skipping
========================================================================
Worker process is ready to serve import requests
Launched and connected shader compiler UnityShaderCompiler.exe after 0.08 seconds
Refreshing native plugins compatible for Editor in 0.93 ms, found 3 plugins.
Preloading 0 native plugins for Editor in 0.00 ms.
Unloading 5033 Unused Serialized files (Serialized files now loaded: 0)
Unloading 34 unused Assets / (83.0 MB). Loaded Objects now: 5485.
Memory consumption went from 199.0 MB to 116.1 MB.
Total: 9.212900 ms (FindLiveObjects: 0.499800 ms CreateObjectMapping: 0.423100 ms MarkObjects: 7.911600 ms  DeleteObjects: 0.377200 ms)

AssetImportParameters requested are different than current active one (requested -> active):
  custom:video-decoder-ogg-theora: a1e56fd34408186e4bbccfd4996cb3dc -> 
  custom:container-muxer-webm: aa71ff27fc2769a1b78a27578f13a17b -> 
  custom:container-demuxer-webm: 4f35f7cbe854078d1ac9338744f61a02 -> 
  custom:video-encoder-webm-vp8: eb34c28f22e8b96e1ab97ce403110664 -> 
  custom:audio-encoder-webm-vorbis: bf7c407c2cedff20999df2af8eb42d56 -> 
  custom:framework-win-MediaFoundation: 216162199b28c13a410421893ffa2e32 -> 
  custom:container-demuxer-ogg: 62fdf1f143b41e24485cea50d1cbac27 -> 
  custom:video-decoder-webm-vp8: 9c59270c3fd7afecdb556c50c9e8de78 -> 
  custom:audio-decoder-ogg-vorbis: bf7c407c2cedff20999df2af8eb42d56 -> 
========================================================================
Received Prepare
Registering precompiled user dll's ...
Registered in 0.008114 seconds.
Begin MonoManager ReloadAssembly
Symbol file LoadedFromMemory doesn't match image C:\Users\victo\OneDrive\Desktop\School Items\Winter 2024\Intermidiate CG\TutTask\VictorsIntermidiateCGTutorial\Tut\IntermidiateCGTut\Library\PackageCache\com.unity.visualscripting@1.7.8\Editor\VisualScripting.Core\Dependencies\YamlDotNet\Unity.VisualScripting.YamlDotNet.dll
Symbol file LoadedFromMemory doesn't match image C:\Users\victo\OneDrive\Desktop\School Items\Winter 2024\Intermidiate CG\TutTask\VictorsIntermidiateCGTutorial\Tut\IntermidiateCGTut\Library\PackageCache\com.unity.visualscripting@1.7.8\Editor\VisualScripting.Core\Dependencies\DotNetZip\Unity.VisualScripting.IonicZip.dll
Native extension for WindowsStandalone target not found
Native extension for WebGL target not found
Refreshing native plugins compatible for Editor in 1.29 ms, found 3 plugins.
Preloading 0 native plugins for Editor in 0.00 ms.
Mono: successfully reloaded assembly
- Completed reload, in  1.144 seconds
Domain Reload Profiling:
	ReloadAssembly (1145ms)
		BeginReloadAssembly (143ms)
			ExecutionOrderSort (0ms)
			DisableScriptedObjects (5ms)
			BackupInstance (0ms)
			ReleaseScriptingObjects (0ms)
			CreateAndSetChildDomain (43ms)
		EndReloadAssembly (902ms)
			LoadAssemblies (99ms)
			RebuildTransferFunctionScriptingTraits (0ms)
			SetupTypeCache (265ms)
			ReleaseScriptCaches (2ms)
			RebuildScriptCaches (42ms)
			SetupLoadedEditorAssemblies (455ms)
				LogAssemblyErrors (0ms)
				InitializePlatformSupportModulesInManaged (17ms)
				SetLoadedEditorAssemblies (1ms)
				RefreshPlugins (1ms)
				BeforeProcessingInitializeOnLoad (108ms)
				ProcessInitializeOnLoadAttributes (226ms)
				ProcessInitializeOnLoadMethodAttributes (90ms)
				AfterProcessingInitializeOnLoad (11ms)
				EditorAssembliesLoaded (0ms)
			ExecutionOrderSort2 (0ms)
			AwakeInstancesAfterBackupRestoration (15ms)
Platform modules already initialized, skipping
Refreshing native plugins compatible for Editor in 3.06 ms, found 3 plugins.
Preloading 0 native plugins for Editor in 0.00 ms.
Unloading 4910 Unused Serialized files (Serialized files now loaded: 0)
Unloading 27 unused Assets / (0.7 MB). Loaded Objects now: 5489.
Memory consumption went from 190.8 MB to 190.2 MB.
Total: 3.682100 ms (FindLiveObjects: 0.303900 ms CreateObjectMapping: 0.183600 ms MarkObjects: 2.923900 ms  DeleteObjects: 0.270000 ms)

AssetImportParameters requested are different than current active one (requested -> active):
  custom:video-decoder-ogg-theora: a1e56fd34408186e4bbccfd4996cb3dc -> 
  custom:container-muxer-webm: aa71ff27fc2769a1b78a27578f13a17b -> 
  custom:container-demuxer-webm: 4f35f7cbe854078d1ac9338744f61a02 -> 
  custom:video-encoder-webm-vp8: eb34c28f22e8b96e1ab97ce403110664 -> 
  custom:audio-encoder-webm-vorbis: bf7c407c2cedff20999df2af8eb42d56 -> 
  custom:framework-win-MediaFoundation: 216162199b28c13a410421893ffa2e32 -> 
  custom:container-demuxer-ogg: 62fdf1f143b41e24485cea50d1cbac27 -> 
  custom:video-decoder-webm-vp8: 9c59270c3fd7afecdb556c50c9e8de78 -> 
  custom:audio-decoder-ogg-vorbis: bf7c407c2cedff20999df2af8eb42d56 -> 
========================================================================
Received Import Request.
  Time since last request: 1052.722537 seconds.
  path: Assets/CreativeCore_Shaders/Models/Apple.FBX
  artifactKey: Guid(5f0d530d48f8ee34fa8012b771731985) Importer(815301076,1909f56bfc062723c751e8b465ee728b)
Start importing Assets/CreativeCore_Shaders/Models/Apple.FBX using Guid(5f0d530d48f8ee34fa8012b771731985) Importer(815301076,1909f56bfc062723c751e8b465ee728b)  -> (artifact id: 'b1014165e2a734230ca3d8282f9bf5a5') in 0.640279 seconds 
========================================================================
Received Import Request.
  Time since last request: 0.000030 seconds.
  path: Assets/CreativeCore_Shaders/Models/Banana.FBX
  artifactKey: Guid(315d69bbfafee4c4aa2c9ac493537c0f) Importer(815301076,1909f56bfc062723c751e8b465ee728b)
Start importing Assets/CreativeCore_Shaders/Models/Banana.FBX using Guid(315d69bbfafee4c4aa2c9ac493537c0f) Importer(815301076,1909f56bfc062723c751e8b465ee728b)  -> (artifact id: '4238e576f037fea056f63fccb95f2d11') in 0.026295 seconds 
========================================================================
Received Import Request.
  Time since last request: 0.000063 seconds.
  path: Assets/CreativeCore_Shaders/Models/Lemon.FBX
  artifactKey: Guid(c522b71b06cb264439b222833d6b18f4) Importer(815301076,1909f56bfc062723c751e8b465ee728b)
Start importing Assets/CreativeCore_Shaders/Models/Lemon.FBX using Guid(c522b71b06cb264439b222833d6b18f4) Importer(815301076,1909f56bfc062723c751e8b465ee728b)  -> (artifact id: '17100351abf66cb2644e6a69cda992b9') in 0.029890 seconds 
========================================================================
Received Import Request.
  Time since last request: 0.000042 seconds.
  path: Assets/CreativeCore_Shaders/Models/Mug.fbx
  artifactKey: Guid(48224b9cb16db6e4e8e4b237da1f56e8) Importer(815301076,1909f56bfc062723c751e8b465ee728b)
Start importing Assets/CreativeCore_Shaders/Models/Mug.fbx using Guid(48224b9cb16db6e4e8e4b237da1f56e8) Importer(815301076,1909f56bfc062723c751e8b465ee728b)  -> (artifact id: '48a6b46e4ca22b0f366ca30c8c77e508') in 1.727404 seconds 
========================================================================
Received Import Request.
  Time since last request: 0.000027 seconds.
  path: Assets/CreativeCore_Shaders/Materials/AppleRed.mat
  artifactKey: Guid(dfdbbf9f1ad2ce847885e3477d503408) Importer(815301076,1909f56bfc062723c751e8b465ee728b)
Start importing Assets/CreativeCore_Shaders/Materials/AppleRed.mat using Guid(dfdbbf9f1ad2ce847885e3477d503408) Importer(815301076,1909f56bfc062723c751e8b465ee728b)  -> (artifact id: '3a7c7f04712cd0e798e30e52323112f4') in 0.025155 seconds 
========================================================================
Received Import Request.
  Time since last request: 0.000047 seconds.
  path: Assets/CreativeCore_Shaders/Materials/BlueMug.mat
  artifactKey: Guid(cc411d5554c088840a2e8eef029755f8) Importer(815301076,1909f56bfc062723c751e8b465ee728b)
Start importing Assets/CreativeCore_Shaders/Materials/BlueMug.mat using Guid(cc411d5554c088840a2e8eef029755f8) Importer(815301076,1909f56bfc062723c751e8b465ee728b)  -> (artifact id: '083f08dd95263607ab7a9b977a95a621') in 0.022462 seconds 
========================================================================
Received Import Request.
  Time since last request: 0.000028 seconds.
  path: Assets/CreativeCore_Shaders/Materials/WoodStem.mat
  artifactKey: Guid(c5cdd23c0f5259c4f87e3ca09fc10e1b) Importer(815301076,1909f56bfc062723c751e8b465ee728b)
Start importing Assets/CreativeCore_Shaders/Materials/WoodStem.mat using Guid(c5cdd23c0f5259c4f87e3ca09fc10e1b) Importer(815301076,1909f56bfc062723c751e8b465ee728b)  -> (artifact id: 'cd6e20aae7f8cc54920ff466c3913618') in 0.020659 seconds 
========================================================================
Received Import Request.
  Time since last request: 0.000035 seconds.
  path: Assets/CreativeCore_Shaders/Materials/GrayDoublesided.mat
  artifactKey: Guid(cf39a6fe1f036e44e84642dfc79c978e) Importer(815301076,1909f56bfc062723c751e8b465ee728b)
Start importing Assets/CreativeCore_Shaders/Materials/GrayDoublesided.mat using Guid(cf39a6fe1f036e44e84642dfc79c978e) Importer(815301076,1909f56bfc062723c751e8b465ee728b)  -> (artifact id: '247d5784d7fcef2da020199625aa563d') in 0.020212 seconds 
========================================================================
Received Import Request.
  Time since last request: 0.000039 seconds.
  path: Assets/CreativeCore_Shaders/Materials/RedSmooth.mat
  artifactKey: Guid(931621f81e17909459f65151523f3158) Importer(815301076,1909f56bfc062723c751e8b465ee728b)
Start importing Assets/CreativeCore_Shaders/Materials/RedSmooth.mat using Guid(931621f81e17909459f65151523f3158) Importer(815301076,1909f56bfc062723c751e8b465ee728b)  -> (artifact id: 'fd10779cbc99cf1bd0d9ff9a8a744896') in 0.020593 seconds 
========================================================================
Received Import Request.
  Time since last request: 0.000043 seconds.
  path: Assets/CreativeCore_Shaders/Materials/Green.mat
  artifactKey: Guid(0a5d25fdb7fcc30448603b8cac251708) Importer(815301076,1909f56bfc062723c751e8b465ee728b)
Start importing Assets/CreativeCore_Shaders/Materials/Green.mat using Guid(0a5d25fdb7fcc30448603b8cac251708) Importer(815301076,1909f56bfc062723c751e8b465ee728b)  -> (artifact id: '05dbf37f4dc555c9f9d1cb844327e9e2') in 0.021383 seconds 
========================================================================
Received Import Request.
  Time since last request: 0.000034 seconds.
  path: Assets/CreativeCore_Shaders/Materials/PlainWhite.mat
  artifactKey: Guid(c68e7d187af4cd7489ee63e69ae21740) Importer(815301076,1909f56bfc062723c751e8b465ee728b)
Start importing Assets/CreativeCore_Shaders/Materials/PlainWhite.mat using Guid(c68e7d187af4cd7489ee63e69ae21740) Importer(815301076,1909f56bfc062723c751e8b465ee728b)  -> (artifact id: 'e574ba57f117fc21a399594a552bd5d4') in 0.022426 seconds 
========================================================================
Received Import Request.
  Time since last request: 0.000031 seconds.
  path: Assets/CreativeCore_Shaders/Materials/Blue.mat
  artifactKey: Guid(b40f8cf70e322a24f847311c87d496c5) Importer(815301076,1909f56bfc062723c751e8b465ee728b)
Start importing Assets/CreativeCore_Shaders/Materials/Blue.mat using Guid(b40f8cf70e322a24f847311c87d496c5) Importer(815301076,1909f56bfc062723c751e8b465ee728b)  -> (artifact id: '37366fb18145bd4c63235f1e76932805') in 0.023994 seconds 
========================================================================
Received Import Request.
  Time since last request: 0.000032 seconds.
  path: Assets/CreativeCore_Shaders/Materials/OrangeMug.mat
  artifactKey: Guid(56c602ef423139e4a974fdaec2a4eafa) Importer(815301076,1909f56bfc062723c751e8b465ee728b)
Start importing Assets/CreativeCore_Shaders/Materials/OrangeMug.mat using Guid(56c602ef423139e4a974fdaec2a4eafa) Importer(815301076,1909f56bfc062723c751e8b465ee728b)  -> (artifact id: '85cf7c4162b26b0a56be1de92847c208') in 0.021168 seconds 
========================================================================
Received Import Request.
  Time since last request: 0.000044 seconds.
  path: Assets/CreativeCore_Shaders/Materials/Pear.mat
  artifactKey: Guid(e5355ae11876af64891328000f84f5f1) Importer(815301076,1909f56bfc062723c751e8b465ee728b)
Start importing Assets/CreativeCore_Shaders/Materials/Pear.mat using Guid(e5355ae11876af64891328000f84f5f1) Importer(815301076,1909f56bfc062723c751e8b465ee728b)  -> (artifact id: '8237b5cdb34ed995b9b9749c902071c6') in 0.021629 seconds 
========================================================================
Received Import Request.
  Time since last request: 0.000031 seconds.
  path: Assets/CreativeCore_Shaders/Materials/Black.mat
  artifactKey: Guid(1feb6d77695b9d347b4bfc7e23ad420c) Importer(815301076,1909f56bfc062723c751e8b465ee728b)
Start importing Assets/CreativeCore_Shaders/Materials/Black.mat using Guid(1feb6d77695b9d347b4bfc7e23ad420c) Importer(815301076,1909f56bfc062723c751e8b465ee728b)  -> (artifact id: 'b03eda262ccba3697e7aad939f94e49e') in 0.020254 seconds 
========================================================================
Received Import Request.
  Time since last request: 0.000027 seconds.
  path: Assets/CreativeCore_Shaders/Materials/Yellow.mat
  artifactKey: Guid(d7540ea2c7bee1640b912cfa359fe520) Importer(815301076,1909f56bfc062723c751e8b465ee728b)
Start importing Assets/CreativeCore_Shaders/Materials/Yellow.mat using Guid(d7540ea2c7bee1640b912cfa359fe520) Importer(815301076,1909f56bfc062723c751e8b465ee728b)  -> (artifact id: '2260bb0f78c8be6ef2ed9be845ddb373') in 0.020250 seconds 
========================================================================
Received Import Request.
  Time since last request: 0.000027 seconds.
  path: Assets/CreativeCore_Shaders/Materials/PlainGray.mat
  artifactKey: Guid(af4abdd498f16a54db4b3804b49246df) Importer(815301076,1909f56bfc062723c751e8b465ee728b)
Start importing Assets/CreativeCore_Shaders/Materials/PlainGray.mat using Guid(af4abdd498f16a54db4b3804b49246df) Importer(815301076,1909f56bfc062723c751e8b465ee728b)  -> (artifact id: '0df32a52900ac3a98b801a05a98326cf') in 0.023103 seconds 
========================================================================
Received Import Request.
  Time since last request: 0.000045 seconds.
  path: Assets/CreativeCore_Shaders/Materials/BlueSmooth.mat
  artifactKey: Guid(98872e32b691a434592c4edd96a0d5a4) Importer(815301076,1909f56bfc062723c751e8b465ee728b)
Start importing Assets/CreativeCore_Shaders/Materials/BlueSmooth.mat using Guid(98872e32b691a434592c4edd96a0d5a4) Importer(815301076,1909f56bfc062723c751e8b465ee728b)  -> (artifact id: 'b1b69653faae9d8ab8244edd9d6aa296') in 0.028713 seconds 
========================================================================
Received Import Request.
  Time since last request: 0.000034 seconds.
  path: Assets/CreativeCore_Shaders/Models/Plant.FBX
  artifactKey: Guid(1bb5721a9e0e1574d8d2deabd8df8a29) Importer(815301076,1909f56bfc062723c751e8b465ee728b)
Start importing Assets/CreativeCore_Shaders/Models/Plant.FBX using Guid(1bb5721a9e0e1574d8d2deabd8df8a29) Importer(815301076,1909f56bfc062723c751e8b465ee728b)  -> (artifact id: '40761e0a1ab75551854cf766a0c4fce0') in 0.258808 seconds 
========================================================================
Received Import Request.
  Time since last request: 0.000032 seconds.
  path: Assets/CreativeCore_Shaders/Materials/WhiteEmission.mat
  artifactKey: Guid(f20b8f2825cd3a848a479356617322c7) Importer(815301076,1909f56bfc062723c751e8b465ee728b)
Start importing Assets/CreativeCore_Shaders/Materials/WhiteEmission.mat using Guid(f20b8f2825cd3a848a479356617322c7) Importer(815301076,1909f56bfc062723c751e8b465ee728b)  -> (artifact id: '4b0a9492f027fa377eab862f4c41395e') in 1.292429 seconds 
========================================================================
Received Import Request.
  Time since last request: 0.000048 seconds.
  path: Assets/CreativeCore_Shaders/Materials/Chrome.mat
  artifactKey: Guid(70d19d5391ddccd47bcdc9bb2a9cb69f) Importer(815301076,1909f56bfc062723c751e8b465ee728b)
Start importing Assets/CreativeCore_Shaders/Materials/Chrome.mat using Guid(70d19d5391ddccd47bcdc9bb2a9cb69f) Importer(815301076,1909f56bfc062723c751e8b465ee728b)  -> (artifact id: '44d9d1f089861a657d9b7f0bf2f89849') in 0.021352 seconds 
========================================================================
Received Import Request.
  Time since last request: 0.000024 seconds.
  path: Assets/CreativeCore_Shaders/Models/Kettle.fbx
  artifactKey: Guid(f33334da4bf68b342a6a1aa10918e929) Importer(815301076,1909f56bfc062723c751e8b465ee728b)
Start importing Assets/CreativeCore_Shaders/Models/Kettle.fbx using Guid(f33334da4bf68b342a6a1aa10918e929) Importer(815301076,1909f56bfc062723c751e8b465ee728b)  -> (artifact id: 'f0747a98b12742af8367581eb06bc3f3') in 0.029473 seconds 
========================================================================
Received Import Request.
  Time since last request: 0.000037 seconds.
  path: Assets/CreativeCore_Shaders/Materials/LimeGreen.mat
  artifactKey: Guid(16c7708d3afe83f41811d35592d81b25) Importer(815301076,1909f56bfc062723c751e8b465ee728b)
Start importing Assets/CreativeCore_Shaders/Materials/LimeGreen.mat using Guid(16c7708d3afe83f41811d35592d81b25) Importer(815301076,1909f56bfc062723c751e8b465ee728b)  -> (artifact id: '42f95b1ae0ddc2b7cd17d218b63a719f') in 0.022887 seconds 
========================================================================
Received Import Request.
  Time since last request: 0.000031 seconds.
  path: Assets/CreativeCore_Shaders/Materials/LemonYellow.mat
  artifactKey: Guid(faaa6adeb4769c84fae1bbb81ae7775d) Importer(815301076,1909f56bfc062723c751e8b465ee728b)
Start importing Assets/CreativeCore_Shaders/Materials/LemonYellow.mat using Guid(faaa6adeb4769c84fae1bbb81ae7775d) Importer(815301076,1909f56bfc062723c751e8b465ee728b)  -> (artifact id: '78d31ecd7ee002de7de36b5ccaa426bc') in 0.021193 seconds 
========================================================================
Received Import Request.
  Time since last request: 0.000031 seconds.
  path: Assets/CreativeCore_Shaders/Models/GlassVase.FBX
  artifactKey: Guid(aabbaa0671965744eab2b299e205abaf) Importer(815301076,1909f56bfc062723c751e8b465ee728b)
Start importing Assets/CreativeCore_Shaders/Models/GlassVase.FBX using Guid(aabbaa0671965744eab2b299e205abaf) Importer(815301076,1909f56bfc062723c751e8b465ee728b)  -> (artifact id: 'd4f25d629b30d1a5addbc68268e0a5a0') in 0.032020 seconds 
========================================================================
Received Import Request.
  Time since last request: 0.000036 seconds.
  path: Assets/CreativeCore_Shaders/Materials/ChainFence.mat
  artifactKey: Guid(5c015380d416cf9468cb6be2b1975d93) Importer(815301076,1909f56bfc062723c751e8b465ee728b)
Start importing Assets/CreativeCore_Shaders/Materials/ChainFence.mat using Guid(5c015380d416cf9468cb6be2b1975d93) Importer(815301076,1909f56bfc062723c751e8b465ee728b)  -> (artifact id: '02682e10e1e3acc347257b56b2a32cc3') in 1.442284 seconds 
========================================================================
Received Import Request.
  Time since last request: 284.132465 seconds.
  path: Assets/CreativeCore_Shaders/ShaderGraphs/Shimmer.mat
  artifactKey: Guid(05d124e7f58847849bf41399778e420d) Importer(815301076,1909f56bfc062723c751e8b465ee728b)
Start importing Assets/CreativeCore_Shaders/ShaderGraphs/Shimmer.mat using Guid(05d124e7f58847849bf41399778e420d) Importer(815301076,1909f56bfc062723c751e8b465ee728b)  -> (artifact id: '7963732dcaff101e9d27394a90e86c50') in 1.607267 seconds 
========================================================================
Received Import Request.
  Time since last request: 15.215517 seconds.
  path: Assets/CreativeCore_Shaders/Textures/Mug/Mug_AmbientOcclusion.png
  artifactKey: Guid(3215ffcde57a8884dab243874c2aef3c) Importer(815301076,1909f56bfc062723c751e8b465ee728b)
Start importing Assets/CreativeCore_Shaders/Textures/Mug/Mug_AmbientOcclusion.png using Guid(3215ffcde57a8884dab243874c2aef3c) Importer(815301076,1909f56bfc062723c751e8b465ee728b)  -> (artifact id: 'e06ee73ff5f6449e4ee0fde128140b70') in 0.025144 seconds 
========================================================================
Received Import Request.
  Time since last request: 0.000030 seconds.
  path: Assets/CreativeCore_Shaders/Textures/Mug/Mug_Normal.png
  artifactKey: Guid(87c6644554c2b6b489095dc9cbf9d696) Importer(815301076,1909f56bfc062723c751e8b465ee728b)
Start importing Assets/CreativeCore_Shaders/Textures/Mug/Mug_Normal.png using Guid(87c6644554c2b6b489095dc9cbf9d696) Importer(815301076,1909f56bfc062723c751e8b465ee728b)  -> (artifact id: '36e38794d0b6935dc9f423f6951f332e') in 0.030809 seconds 
========================================================================
Received Import Request.
  Time since last request: 4.848676 seconds.
  path: Assets/CreativeCore_Shaders/Textures/Kettle/Kettle_B.png
  artifactKey: Guid(0f70e54f76aad674f979ad42ba324692) Importer(815301076,1909f56bfc062723c751e8b465ee728b)
Start importing Assets/CreativeCore_Shaders/Textures/Kettle/Kettle_B.png using Guid(0f70e54f76aad674f979ad42ba324692) Importer(815301076,1909f56bfc062723c751e8b465ee728b)  -> (artifact id: '0a6c5bbf588db83dd046a41962b97e79') in 0.028083 seconds 
========================================================================
Received Import Request.
  Time since last request: 0.000033 seconds.
  path: Assets/CreativeCore_Shaders/Textures/Kettle/Kettle_D.png
  artifactKey: Guid(951d6a9de1eaf41459c7a7bbac398df6) Importer(815301076,1909f56bfc062723c751e8b465ee728b)
Start importing Assets/CreativeCore_Shaders/Textures/Kettle/Kettle_D.png using Guid(951d6a9de1eaf41459c7a7bbac398df6) Importer(815301076,1909f56bfc062723c751e8b465ee728b)  -> (artifact id: '2ee1d41551660ef5e49d4a8ea28690ad') in 0.033970 seconds 
========================================================================
Received Import Request.
  Time since last request: 0.000034 seconds.
  path: Assets/CreativeCore_Shaders/Textures/Kettle/Kettle_E.png
  artifactKey: Guid(516fa3886357e654683ead738a64b479) Importer(815301076,1909f56bfc062723c751e8b465ee728b)
Start importing Assets/CreativeCore_Shaders/Textures/Kettle/Kettle_E.png using Guid(516fa3886357e654683ead738a64b479) Importer(815301076,1909f56bfc062723c751e8b465ee728b)  -> (artifact id: '13b24f6aafd73cdc84cc51da68d47247') in 0.023348 seconds 
========================================================================
Received Import Request.
  Time since last request: 0.000063 seconds.
  path: Assets/CreativeCore_Shaders/Textures/Kettle/Kettle_F.png
  artifactKey: Guid(0acc24a6ecfbab24b9a3bb93ab1e36f8) Importer(815301076,1909f56bfc062723c751e8b465ee728b)
Start importing Assets/CreativeCore_Shaders/Textures/Kettle/Kettle_F.png using Guid(0acc24a6ecfbab24b9a3bb93ab1e36f8) Importer(815301076,1909f56bfc062723c751e8b465ee728b)  -> (artifact id: '4db6b74d7dc0c8e2392386ef78b59825') in 0.019754 seconds 
========================================================================
Received Import Request.
  Time since last request: 23.106813 seconds.
  path: Assets/CreativeCore_Shaders/Textures/Tiled Textures/Concrete_1_AmbientOcclusion.png
  artifactKey: Guid(f4e26cd6347ae9e4998df2f389c62a2c) Importer(815301076,1909f56bfc062723c751e8b465ee728b)
Start importing Assets/CreativeCore_Shaders/Textures/Tiled Textures/Concrete_1_AmbientOcclusion.png using Guid(f4e26cd6347ae9e4998df2f389c62a2c) Importer(815301076,1909f56bfc062723c751e8b465ee728b)  -> (artifact id: '2985ff3f90311ccadc1ddac37e9a743a') in 0.023992 seconds 
========================================================================
Received Import Request.
  Time since last request: 0.000024 seconds.
  path: Assets/CreativeCore_Shaders/Textures/Tiled Textures/Metal_MetallicSmoothness.tif
  artifactKey: Guid(5f4305cce6302fc42abf0377a572faf7) Importer(815301076,1909f56bfc062723c751e8b465ee728b)
Start importing Assets/CreativeCore_Shaders/Textures/Tiled Textures/Metal_MetallicSmoothness.tif using Guid(5f4305cce6302fc42abf0377a572faf7) Importer(815301076,1909f56bfc062723c751e8b465ee728b)  -> (artifact id: 'b5dd851d9b913706863ab0937201483e') in 0.043545 seconds 
========================================================================
Received Import Request.
  Time since last request: 0.000035 seconds.
  path: Assets/CreativeCore_Shaders/Textures/Tiled Textures/Metal_Albedo.tif
  artifactKey: Guid(a843d95529591d5469af7a29a3d8638b) Importer(815301076,1909f56bfc062723c751e8b465ee728b)
Start importing Assets/CreativeCore_Shaders/Textures/Tiled Textures/Metal_Albedo.tif using Guid(a843d95529591d5469af7a29a3d8638b) Importer(815301076,1909f56bfc062723c751e8b465ee728b)  -> (artifact id: '09d918c2ed40cd8e912f7b527c874e72') in 0.022697 seconds 
========================================================================
Received Import Request.
  Time since last request: 0.000054 seconds.
  path: Assets/CreativeCore_Shaders/Textures/Tiled Textures/Concrete_2_Dry_Normal.png
  artifactKey: Guid(fc03ebd24aece2244b6603f23d00532e) Importer(815301076,1909f56bfc062723c751e8b465ee728b)
Start importing Assets/CreativeCore_Shaders/Textures/Tiled Textures/Concrete_2_Dry_Normal.png using Guid(fc03ebd24aece2244b6603f23d00532e) Importer(815301076,1909f56bfc062723c751e8b465ee728b)  -> (artifact id: 'b658cdc1fcf2e29b6c2291daadbc63d8') in 0.027211 seconds 
========================================================================
Received Import Request.
  Time since last request: 0.000034 seconds.
  path: Assets/CreativeCore_Shaders/Textures/Tiled Textures/Concrete_2_Dry_AmbientOcclusion.png
  artifactKey: Guid(9d0dc3504b64f7a47a8e098c603b02ab) Importer(815301076,1909f56bfc062723c751e8b465ee728b)
Start importing Assets/CreativeCore_Shaders/Textures/Tiled Textures/Concrete_2_Dry_AmbientOcclusion.png using Guid(9d0dc3504b64f7a47a8e098c603b02ab) Importer(815301076,1909f56bfc062723c751e8b465ee728b)  -> (artifact id: 'fdd8c147418e07c54655e20e9676fff7') in 0.023132 seconds 
========================================================================
Received Import Request.
  Time since last request: 0.000035 seconds.
  path: Assets/CreativeCore_Shaders/Textures/Tiled Textures/Pavement_SmallMoss_AO.png
  artifactKey: Guid(3fd610b7cab9c734fa13cbee5d82ce6d) Importer(815301076,1909f56bfc062723c751e8b465ee728b)
Start importing Assets/CreativeCore_Shaders/Textures/Tiled Textures/Pavement_SmallMoss_AO.png using Guid(3fd610b7cab9c734fa13cbee5d82ce6d) Importer(815301076,1909f56bfc062723c751e8b465ee728b)  -> (artifact id: '626c1fd1befc85e135a43fe5d51c483f') in 0.020072 seconds 
Editor requested this worker to shutdown with reason: Scaling down because of idle timeout
AssetImportWorker is now disconnected from the server
Process exiting
Exiting without the bug reporter. Application will terminate with return code 0